

Microchip Technology PIC18 Macro Assembler V1.21 build 54009 
                                                                                                           Sat Jun 07 05:52:14 2014


     1                           
     2                           	; Microchip MPLAB XC8 C Compiler V1.21
     3                           	; Copyright (C) 1984-2013 HI-TECH Software
     4                           
     5                           	; Auto-generated runtime startup code for final link stage.
     6                           
     7                           	;
     8                           	; Compiler options:
     9                           	;
    10                           	; -oProject_2.cof -mProject_2.map --summary=default --output=default \
    11                           	; LCD.p1 main.p1 --chip=18F25K22 -P --runtime=default --opt=default \
    12                           	; -N-1 -D__DEBUG=1 -g --asmlist --errformat=Error   [%n] %f; %l.%c %s \
    13                           	; --msgformat=Advisory[%n] %s --warnformat=Warning [%n] %f; %l.%c %s
    14                           	;
    15                           
    16                           
    17                           	processor	18F25K22
    18                           
    19                           	GLOBAL	_main,start
    20                           	FNROOT	_main
    21                           
    22  0000                     	pic18cxx	equ	1
    23                           
    24                           	psect	config,class=CONFIG,delta=1,noexec
    25                           	psect	idloc,class=IDLOC,delta=1,noexec
    26                           	psect	const,class=CODE,delta=1,reloc=2,noexec
    27                           	psect	smallconst,class=SMALLCONST,delta=1,reloc=2,noexec
    28                           	psect	mediumconst,class=MEDIUMCONST,delta=1,reloc=2,noexec
    29                           	psect	rbss,class=COMRAM,space=1,noexec
    30                           	psect	bss,class=RAM,space=1,noexec
    31                           	psect	rdata,class=COMRAM,space=1,noexec
    32                           	psect	irdata,class=CODE,space=0,reloc=2,noexec
    33                           	psect	bss,class=RAM,space=1,noexec
    34                           	psect	data,class=RAM,space=1,noexec
    35                           	psect	idata,class=CODE,space=0,reloc=2,noexec
    36                           	psect	nvrram,class=COMRAM,space=1,noexec
    37                           	psect	nvbit,class=COMRAM,bit,space=1,noexec
    38                           	psect	temp,ovrld,class=COMRAM,space=1,noexec
    39                           	psect	struct,ovrld,class=COMRAM,space=1,noexec
    40                           	psect	rbit,class=COMRAM,bit,space=1,noexec
    41                           	psect	bigbss,class=BIGRAM,space=1,noexec
    42                           	psect	bigdata,class=BIGRAM,space=1,noexec
    43                           	psect	ibigdata,class=CODE,space=0,reloc=2,noexec
    44                           	psect	farbss,class=FARRAM,space=0,reloc=2,delta=1,noexec
    45                           	psect	nvFARRAM,class=FARRAM,space=0,reloc=2,delta=1,noexec
    46                           	psect	fardata,class=FARRAM,space=0,reloc=2,delta=1,noexec
    47                           	psect	ifardata,class=CODE,space=0,reloc=2,delta=1,noexec
    48                           
    49                           	psect	reset_vec,class=CODE,delta=1,reloc=2
    50                           	psect	powerup,class=CODE,delta=1,reloc=2
    51                           	psect	intcode,class=CODE,delta=1,reloc=2
    52                           	psect	intcode_body,class=CODE,delta=1,reloc=2
    53                           	psect	intcodelo,class=CODE,delta=1,reloc=2
    54                           	psect	intret,class=CODE,delta=1,reloc=2
    55                           	psect	intentry,class=CODE,delta=1,reloc=2
    56                           
    57                           	psect	intsave_regs,class=BIGRAM,space=1
    58                           	psect	init,class=CODE,delta=1,reloc=2
    59                           	psect	text,class=CODE,delta=1,reloc=2
    60                           GLOBAL	intlevel0,intlevel1,intlevel2
    61  000000                     intlevel0:
    62  000000                     intlevel1:
    63  000000                     intlevel2:
    64                           GLOBAL	intlevel3
    65  000000                     intlevel3:
    66                           	psect	end_init,class=CODE,delta=1,reloc=2
    67                           	psect	clrtext,class=CODE,delta=1,reloc=2
    68                           
    69                           	psect	eeprom_data,class=EEDATA,delta=1,noexec
    70                           	psect	smallconst
    71                           	GLOBAL	__smallconst
    72  000600                     __smallconst:
    73                           	psect	mediumconst
    74                           	GLOBAL	__mediumconst
    75  000000                     __mediumconst:
    76  0000                     wreg	EQU	0FE8h
    77  0000                     fsr0l	EQU	0FE9h
    78  0000                     fsr0h	EQU	0FEAh
    79  0000                     fsr1l	EQU	0FE1h
    80  0000                     fsr1h	EQU	0FE2h
    81  0000                     fsr2l	EQU	0FD9h
    82  0000                     fsr2h	EQU	0FDAh
    83  0000                     postinc0	EQU	0FEEh
    84  0000                     postdec0	EQU	0FEDh
    85  0000                     postinc1	EQU	0FE6h
    86  0000                     postdec1	EQU	0FE5h
    87  0000                     postinc2	EQU	0FDEh
    88  0000                     postdec2	EQU	0FDDh
    89  0000                     tblptrl	EQU	0FF6h
    90  0000                     tblptrh	EQU	0FF7h
    91  0000                     tblptru	EQU	0FF8h
    92  0000                     tablat		EQU	0FF5h
    93                           
    94                           	PSECT	ramtop,class=RAM,noexec
    95                           	GLOBAL	__S1			; top of RAM usage
    96                           	GLOBAL	__ramtop
    97                           	GLOBAL	__LRAM,__HRAM
    98  000600                     __ramtop:
    99                           
   100                           	psect	reset_vec
   101  000000                     reset_vec:
   102                           	; No powerup routine
   103                           	global start
   104                           
   105                           ; jump to start
   106  000000  EF44  F000         	goto start
   107                           	GLOBAL __accesstop
   108  0000                     __accesstop EQU 96
   109                           
   110                           
   111                           	psect	init
   112  000088                     start:
   113                           	psect	end_init
   114                           	global start_initialization
   115  000088  EF46  F008         	goto start_initialization	;jump to C runtime clear & initialization
   116                           
   117                           ; Padding undefined space
   118                           	psect	config,class=CONFIG,delta=1,noexec
   119  300000                     		org 0x0
   120  300000  FF                 		db 0xFF
   121                           
   122                           ; Config register CONFIG1H @ 0x300001
   123                           ;	Internal/External Oscillator Switchover bit
   124                           ;	IESO = OFF, Oscillator Switchover mode disabled
   125                           ;	Oscillator Selection bits
   126                           ;	FOSC = INTIO67, Internal oscillator block
   127                           ;	Primary clock enable bit
   128                           ;	PRICLKEN = 0x1, unprogrammed default
   129                           ;	Fail-Safe Clock Monitor Enable bit
   130                           ;	FCMEN = 0x0, unprogrammed default
   131                           ;	4X PLL Enable
   132                           ;	PLLCFG = 0x0, unprogrammed default
   133                           
   134                           	psect	config,class=CONFIG,delta=1,noexec
   135  300001                     		org 0x1
   136  300001  28                 		db 0x28
   137                           
   138                           ; Config register CONFIG2L @ 0x300002
   139                           ;	unspecified using default value
   140                           
   141                           	psect	config,class=CONFIG,delta=1,noexec
   142  300002                     		org 0x2
   143  300002  1F                 		db 0x1F
   144                           
   145                           ; Config register CONFIG2H @ 0x300003
   146                           ;	Watchdog Timer Postscale Select bits
   147                           ;	WDTPS = 0xF, unprogrammed default
   148                           ;	Watchdog Timer Enable bits
   149                           ;	WDTEN = OFF, Watch dog timer is always disabled. SWDTEN has no effect.
   150                           
   151                           	psect	config,class=CONFIG,delta=1,noexec
   152  300003                     		org 0x3
   153  300003  3C                 		db 0x3C
   154                           
   155                           ; Padding undefined space
   156                           	psect	config,class=CONFIG,delta=1,noexec
   157  300004                     		org 0x4
   158  300004  FF                 		db 0xFF
   159                           
   160                           ; Config register CONFIG3H @ 0x300005
   161                           ;	ECCP2 B output mux bit
   162                           ;	P2BMX = 0x1, unprogrammed default
   163                           ;	CCP2 MUX bit
   164                           ;	CCP2MX = 0x1, unprogrammed default
   165                           ;	PORTB A/D Enable bit
   166                           ;	PBADEN = 0x1, unprogrammed default
   167                           ;	P3A/CCP3 Mux bit
   168                           ;	CCP3MX = 0x1, unprogrammed default
   169                           ;	MCLR Pin Enable bit
   170                           ;	MCLRE = EXTMCLR, MCLR pin enabled, RE3 input pin disabled
   171                           ;	HFINTOSC Fast Start-up
   172                           ;	HFOFST = 0x1, unprogrammed default
   173                           ;	Timer3 Clock input mux bit
   174                           ;	T3CMX = 0x1, unprogrammed default
   175                           
   176                           	psect	config,class=CONFIG,delta=1,noexec
   177  300005                     		org 0x5
   178  300005  BF                 		db 0xBF
   179                           
   180                           ; Config register CONFIG4L @ 0x300006
   181                           ;	Background Debug
   182                           ;	DEBUG = 0x1, unprogrammed default
   183                           ;	Stack Full/Underflow Reset Enable bit
   184                           ;	STVREN = 0x1, unprogrammed default
   185                           ;	Extended Instruction Set Enable bit
   186                           ;	XINST = 0x0, unprogrammed default
   187                           ;	Single-Supply ICSP Enable bit
   188                           ;	LVP = OFF, Single-Supply ICSP disabled
   189                           
   190                           	psect	config,class=CONFIG,delta=1,noexec
   191  300006                     		org 0x6
   192  300006  81                 		db 0x81
   193                           
   194                           ; Padding undefined space
   195                           	psect	config,class=CONFIG,delta=1,noexec
   196  300007                     		org 0x7
   197  300007  FF                 		db 0xFF


Microchip Technology PIC18 Macro Assembler V1.21 build 54009 
Symbol Table                                                                                               Sat Jun 07 05:52:14 2014

                __S1 0049                 _main 0938                 start 0088                __HRAM 0000  
              __LRAM 0001         __mediumconst 0000           __accesstop 000060              __ramtop 0600  
start_initialization 108C          __smallconst 0600             intlevel0 0000             intlevel1 0000  
           intlevel2 0000             intlevel3 0000             reset_vec 0000  
